STATUS:Searching for applets
EXCEPT:Traceback (most recent call last):
          File "/usr/lib64/python2.6/site-packages/p4vasp/applet/__init__.py", line 106, in findApplets
           o=getClass(c)
          File "/usr/lib64/python2.6/site-packages/p4vasp/applet/__init__.py", line 77, in getClass
           exec "import %s\nc=%s\n"%(join(v[:-1],"."),c)
          File "<string>", line 1, in <module>
          File "/usr/lib64/python2.6/site-packages/p4vasp/applet/KpointsViewerApplet.py", line 26, in <module>
           from p4vasp.paint3d.OpenGLPaint3D import *
          File "/usr/lib64/python2.6/site-packages/p4vasp/paint3d/OpenGLPaint3D.py", line 5, in <module>
           from OpenGL.GL import *
        ImportError: No module named OpenGL.GL
       
STATUS:Creating menu items
MSG   :Add menu Edit::New
MSG   :Add menu Structure::Window
MSG   :Add menu Structure::Control
MSG   :Add menu Electronic::DOS + bands
MSG   :Add menu Electronic::Local DOS+bands control
MSG   :Add menu Edit::Builder
MSG   :Add menu MD::VAC
MSG   :Add menu Edit::Move atoms
MSG   :Add menu Edit::Edit sub-Z-matrix
MSG   :Add menu Database::Commit
MSG   :Add menu Database::Query
MSG   :Add menu Structure::Lattice
MSG   :Add menu Electronic::Dielectric function
MSG   :Add menu Structure::Show/hide atoms
MSG   :Add menu Structure::Show (old)
MSG   :Add menu Edit::Rotate atoms
MSG   :Add menu Electronic::STM Window
MSG   :Add menu Structure::Export
MSG   :Add menu Electronic::STM Control
MSG   :Add menu Electronic::Local potential
MSG   :Add menu Convergence::Selected forces
MSG   :Add menu Edit::Multiply cell
MSG   :Add menu Convergence::Forces
MSG   :Add menu Edit::Info
MSG   :Add menu Structure::Measure
MSG   :Add menu Convergence::Energy
STATUS:Initializing toolbar buttons
STATUS:Initializing selection applet
STATUS:loading setup
ERROR : Can not read setup.xml
STATUS:setup loaded
STATUS:reading vasprun.xml
STATUS:reading vasprun.xml OK
STATUS:OK
STATUS:reading graph dos from /usr/lib/p4vasp/data/graphs/dos.agr
STATUS:reading graph dos_x from /usr/lib/p4vasp/data/graphs/dos_x.agr
STATUS:reading graph dos_y from /usr/lib/p4vasp/data/graphs/dos_y.agr
STATUS:reading graph bands from /usr/lib/p4vasp/data/graphs/bands.agr
STATUS:reading graph dosbands from /usr/lib/p4vasp/data/graphs/dosbands.agr
STATUS:reading graph inverse_participation_ratio from /usr/lib/p4vasp/data/graphs/inverse_participation_ratio.agr
STATUS:reading graph dos_ipr from /usr/lib/p4vasp/data/graphs/dos_ipr.agr
STATUS:Update
STATUS:Update data
STATUS:Read structure
STATUS:Parsing initial structure
STATUS:OK
STATUS:OK
STATUS:Update DOS data
STATUS:Parsing DOS, please wait
STATUS:OK
STATUS:OK
STATUS:OK
STATUS:OK
STATUS:Update
STATUS:Update data
STATUS:Update k-points
ERROR : Error reading property KPOINT_DIVISIONS
EXCEPT:Traceback (most recent call last):
          File "/usr/lib64/python2.6/site-packages/p4vasp/Property.py", line 159, in get
           self.value=self.read()
          File "/usr/lib64/python2.6/site-packages/p4vasp/Property.py", line 172, in read
           return apply(self.read_func,(self,))
          File "/usr/lib64/python2.6/site-packages/p4vasp/SystemPM.py", line 802, in getKpointDivisions
           g       =  kpoints.getElementsByTagName("generation")[0]
          File "/usr/lib64/python2.6/site-packages/p4vasp/ODPdom.py", line 202, in __getitem__
           raise IndexError
        IndexError
       
STATUS:Scanning k-points
STATUS:OK
STATUS:Update eigenvalues
STATUS:Parsing eigenvalues (L)
STATUS:OK
STATUS:Scanning eigenvalues.
STATUS:Scanning eigenvalues..
STATUS:Eigenvalues updated
STATUS:OK
STATUS:OK
